    2019-08-23T17:31:12.693Z [ERROR] client.alloc_runner.task_runner.task_hook.stats_hook: failed to start stats collection for task with unrecoverable error: alloc_id=ec1aa594-29f2-b532-4883-a12b441c610b task=postgres error="container stopped"
    2019-08-23T17:31:12.731Z [INFO ] client.alloc_runner.task_runner: restarting task: alloc_id=ec1aa594-29f2-b532-4883-a12b441c610b task=postgres reason="Restart within policy" delay=3.164028708s
    2019/08/23 17:31:12.735255 [INFO] (runner) rendered "(dynamic)" => "/Users/cgbaker/Desktop/issues/6112/data/alloc/26806869-1c30-c231-4c28-86d3f5e9f1e4/nginx/local/services.env"
    2019-08-23T17:31:13.435Z [ERROR] client.alloc_runner.task_runner.task_hook.stats_hook: failed to start stats collection for task with unrecoverable error: alloc_id=26806869-1c30-c231-4c28-86d3f5e9f1e4 task=nginx error="container stopped"
    2019-08-23T17:31:13.449Z [INFO ] client.alloc_runner.task_runner: restarting task: alloc_id=26806869-1c30-c231-4c28-86d3f5e9f1e4 task=nginx reason= delay=0s
    2019-08-23T17:31:13.450Z [INFO ] client.alloc_runner.task_runner.task_hook.logmon.nomad: opening fifo: alloc_id=26806869-1c30-c231-4c28-86d3f5e9f1e4 task=nginx @module=logmon path=/Users/cgbaker/Desktop/issues/6112/data/alloc/26806869-1c30-c231-4c28-86d3f5e9f1e4/alloc/logs/.nginx.stdout.fifo timestamp=2019-08-23T17:31:13.450Z
    2019-08-23T17:31:13.451Z [INFO ] client.alloc_runner.task_runner.task_hook.logmon.nomad: opening fifo: alloc_id=26806869-1c30-c231-4c28-86d3f5e9f1e4 task=nginx @module=logmon path=/Users/cgbaker/Desktop/issues/6112/data/alloc/26806869-1c30-c231-4c28-86d3f5e9f1e4/alloc/logs/.nginx.stderr.fifo timestamp=2019-08-23T17:31:13.451Z
    2019-08-23T17:31:13.586Z [INFO ] client.driver_mgr.docker: created container: driver=docker container_id=7e8082c9bb84795511c2715601d0408154191d32e2b2ebf68febf34f6389b04a
    2019-08-23T17:31:14.868Z [INFO ] client.driver_mgr.docker: started container: driver=docker container_id=7e8082c9bb84795511c2715601d0408154191d32e2b2ebf68febf34f6389b04a
    2019-08-23T17:31:15.900Z [INFO ] client.alloc_runner.task_runner.task_hook.logmon.nomad: opening fifo: alloc_id=ec1aa594-29f2-b532-4883-a12b441c610b task=postgres @module=logmon path=/Users/cgbaker/Desktop/issues/6112/data/alloc/ec1aa594-29f2-b532-4883-a12b441c610b/alloc/logs/.postgres.stdout.fifo timestamp=2019-08-23T17:31:15.900Z
    2019-08-23T17:31:15.901Z [INFO ] client.alloc_runner.task_runner.task_hook.logmon.nomad: opening fifo: alloc_id=ec1aa594-29f2-b532-4883-a12b441c610b task=postgres @module=logmon path=/Users/cgbaker/Desktop/issues/6112/data/alloc/ec1aa594-29f2-b532-4883-a12b441c610b/alloc/logs/.postgres.stderr.fifo timestamp=2019-08-23T17:31:15.901Z
    2019-08-23T17:31:33.504Z [INFO ] client.driver_mgr.docker: created container: driver=docker container_id=0e2fdb1e54fceade00ba6afb6547417cc6428c4089f02f8b85b3525ae60a341f
    2019-08-23T17:31:34.162Z [INFO ] client.driver_mgr.docker: started container: driver=docker container_id=0e2fdb1e54fceade00ba6afb6547417cc6428c4089f02f8b85b3525ae60a341f
    2019/08/23 17:31:34.189672 [INFO] (runner) rendered "(dynamic)" => "/Users/cgbaker/Desktop/issues/6112/data/alloc/26806869-1c30-c231-4c28-86d3f5e9f1e4/nginx/local/services.env"
    2019/08/23 17:31:34.190662 [INFO] (runner) rendered "(dynamic)" => "/Users/cgbaker/Desktop/issues/6112/data/alloc/26806869-1c30-c231-4c28-86d3f5e9f1e4/nginx/local/services.env"
    2019-08-23T17:31:34.974Z [ERROR] client.alloc_runner.task_runner.task_hook.stats_hook: failed to start stats collection for task with unrecoverable error: alloc_id=26806869-1c30-c231-4c28-86d3f5e9f1e4 task=nginx error="container stopped"
    2019-08-23T17:31:34.997Z [INFO ] client.alloc_runner.task_runner: restarting task: alloc_id=26806869-1c30-c231-4c28-86d3f5e9f1e4 task=nginx reason= delay=0s
    2019-08-23T17:31:34.999Z [INFO ] client.alloc_runner.task_runner.task_hook.logmon.nomad: opening fifo: alloc_id=26806869-1c30-c231-4c28-86d3f5e9f1e4 task=nginx @module=logmon path=/Users/cgbaker/Desktop/issues/6112/data/alloc/26806869-1c30-c231-4c28-86d3f5e9f1e4/alloc/logs/.nginx.stdout.fifo timestamp=2019-08-23T17:31:34.999Z
    2019-08-23T17:31:34.999Z [INFO ] client.alloc_runner.task_runner.task_hook.logmon.nomad: opening fifo: alloc_id=26806869-1c30-c231-4c28-86d3f5e9f1e4 task=nginx path=/Users/cgbaker/Desktop/issues/6112/data/alloc/26806869-1c30-c231-4c28-86d3f5e9f1e4/alloc/logs/.nginx.stderr.fifo @module=logmon timestamp=2019-08-23T17:31:34.999Z
    2019-08-23T17:31:35.141Z [INFO ] client.driver_mgr.docker: created container: driver=docker container_id=2f5aa3c2876d7a307526d5611a3567a920d19e72f5786440d70af7aa7aa28a1f
    2019-08-23T17:31:36.163Z [INFO ] client.driver_mgr.docker: started container: driver=docker container_id=2f5aa3c2876d7a307526d5611a3567a920d19e72f5786440d70af7aa7aa28a1f
    2019/08/23 17:31:37.345046 [INFO] (runner) rendered "(dynamic)" => "/Users/cgbaker/Desktop/issues/6112/data/alloc/26806869-1c30-c231-4c28-86d3f5e9f1e4/nginx/local/services.env"
    2019-08-23T17:31:38.090Z [ERROR] client.alloc_runner.task_runner.task_hook.stats_hook: failed to start stats collection for task with unrecoverable error: alloc_id=26806869-1c30-c231-4c28-86d3f5e9f1e4 task=nginx error="container stopped"
    2019-08-23T17:31:38.110Z [INFO ] client.alloc_runner.task_runner: restarting task: alloc_id=26806869-1c30-c231-4c28-86d3f5e9f1e4 task=nginx reason= delay=0s
    2019-08-23T17:31:38.112Z [INFO ] client.alloc_runner.task_runner.task_hook.logmon.nomad: opening fifo: alloc_id=26806869-1c30-c231-4c28-86d3f5e9f1e4 task=nginx path=/Users/cgbaker/Desktop/issues/6112/data/alloc/26806869-1c30-c231-4c28-86d3f5e9f1e4/alloc/logs/.nginx.stdout.fifo @module=logmon timestamp=2019-08-23T17:31:38.112Z
    2019-08-23T17:31:38.112Z [INFO ] client.alloc_runner.task_runner.task_hook.logmon.nomad: opening fifo: alloc_id=26806869-1c30-c231-4c28-86d3f5e9f1e4 task=nginx @module=logmon path=/Users/cgbaker/Desktop/issues/6112/data/alloc/26806869-1c30-c231-4c28-86d3f5e9f1e4/alloc/logs/.nginx.stderr.fifo timestamp=2019-08-23T17:31:38.112Z
    2019-08-23T17:31:38.228Z [INFO ] client.driver_mgr.docker: created container: driver=docker container_id=68cc726ccde7e3082ba2e0d3f583e7602c17ef47a540f776b41ffb5b1f29534d
    2019-08-23T17:31:39.191Z [INFO ] client.driver_mgr.docker: started container: driver=docker container_id=68cc726ccde7e3082ba2e0d3f583e7602c17ef47a540f776b41ffb5b1f29534d
