    2019-08-23T17:29:42.263Z [ERROR] client.alloc_runner.task_runner.task_hook.stats_hook: failed to start stats collection for task with unrecoverable error: alloc_id=ec1aa594-29f2-b532-4883-a12b441c610b task=postgres error="container stopped"
    2019-08-23T17:29:42.341Z [INFO ] client.alloc_runner.task_runner: restarting task: alloc_id=ec1aa594-29f2-b532-4883-a12b441c610b task=postgres reason="Restart within policy" delay=3.121852814s
    2019/08/23 17:29:42.348534 [INFO] (runner) rendered "(dynamic)" => "/Users/cgbaker/Desktop/issues/6112/data/alloc/26806869-1c30-c231-4c28-86d3f5e9f1e4/nginx/local/services.env"
     2019-08-23T17:29:43.221Z [ERROR] client.alloc_runner.task_runner.task_hook.stats_hook: failed to start stats collection for task with unrecoverable error: alloc_id=26806869-1c30-c231-4c28-86d3f5e9f1e4 task=nginx error="container stopped"
    2019-08-23T17:29:43.235Z [INFO ] client.alloc_runner.task_runner: restarting task: alloc_id=26806869-1c30-c231-4c28-86d3f5e9f1e4 task=nginx reason= delay=0s
    2019-08-23T17:29:43.237Z [INFO ] client.alloc_runner.task_runner.task_hook.logmon.nomad: opening fifo: alloc_id=26806869-1c30-c231-4c28-86d3f5e9f1e4 task=nginx @module=logmon path=/Users/cgbaker/Desktop/issues/6112/data/alloc/26806869-1c30-c231-4c28-86d3f5e9f1e4/alloc/logs/.nginx.stdout.fifo timestamp=2019-08-23T17:29:43.237Z
    2019-08-23T17:29:43.237Z [INFO ] client.alloc_runner.task_runner.task_hook.logmon.nomad: opening fifo: alloc_id=26806869-1c30-c231-4c28-86d3f5e9f1e4 task=nginx @module=logmon path=/Users/cgbaker/Desktop/issues/6112/data/alloc/26806869-1c30-c231-4c28-86d3f5e9f1e4/alloc/logs/.nginx.stderr.fifo timestamp=2019-08-23T17:29:43.237Z
    2019-08-23T17:29:43.339Z [INFO ] client.driver_mgr.docker: created container: driver=docker container_id=0473137a481197fe211da6fe86e221c20fb790c559cd454d4d4a6ab56d4bc07a
    2019-08-23T17:29:44.456Z [INFO ] client.driver_mgr.docker: started container: driver=docker container_id=0473137a481197fe211da6fe86e221c20fb790c559cd454d4d4a6ab56d4bc07a
    2019-08-23T17:29:45.465Z [INFO ] client.alloc_runner.task_runner.task_hook.logmon.nomad: opening fifo: alloc_id=ec1aa594-29f2-b532-4883-a12b441c610b task=postgres @module=logmon path=/Users/cgbaker/Desktop/issues/6112/data/alloc/ec1aa594-29f2-b532-4883-a12b441c610b/alloc/logs/.postgres.stdout.fifo timestamp=2019-08-23T17:29:45.465Z
    2019-08-23T17:29:45.466Z [INFO ] client.alloc_runner.task_runner.task_hook.logmon.nomad: opening fifo: alloc_id=ec1aa594-29f2-b532-4883-a12b441c610b task=postgres path=/Users/cgbaker/Desktop/issues/6112/data/alloc/ec1aa594-29f2-b532-4883-a12b441c610b/alloc/logs/.postgres.stderr.fifo @module=logmon timestamp=2019-08-23T17:29:45.466Z
    2019-08-23T17:30:03.536Z [INFO ] client.driver_mgr.docker: created container: driver=docker container_id=1b5f06c2aff7ed03556b80ffad051934ec1c61ca9f5bc47d45b5428ee795df43
    2019-08-23T17:30:04.140Z [INFO ] client.driver_mgr.docker: started container: driver=docker container_id=1b5f06c2aff7ed03556b80ffad051934ec1c61ca9f5bc47d45b5428ee795df43
    2019/08/23 17:30:04.169314 [INFO] (runner) rendered "(dynamic)" => "/Users/cgbaker/Desktop/issues/6112/data/alloc/26806869-1c30-c231-4c28-86d3f5e9f1e4/nginx/local/services.env"
    2019/08/23 17:30:04.174644 [INFO] (runner) rendered "(dynamic)" => "/Users/cgbaker/Desktop/issues/6112/data/alloc/26806869-1c30-c231-4c28-86d3f5e9f1e4/nginx/local/services.env"
    2019-08-23T17:30:04.940Z [ERROR] client.alloc_runner.task_runner.task_hook.stats_hook: failed to start stats collection for task with unrecoverable error: alloc_id=26806869-1c30-c231-4c28-86d3f5e9f1e4 task=nginx error="container stopped"
    2019-08-23T17:30:04.956Z [INFO ] client.alloc_runner.task_runner: restarting task: alloc_id=26806869-1c30-c231-4c28-86d3f5e9f1e4 task=nginx reason= delay=0s
    2019-08-23T17:30:04.958Z [INFO ] client.alloc_runner.task_runner.task_hook.logmon.nomad: opening fifo: alloc_id=26806869-1c30-c231-4c28-86d3f5e9f1e4 task=nginx @module=logmon path=/Users/cgbaker/Desktop/issues/6112/data/alloc/26806869-1c30-c231-4c28-86d3f5e9f1e4/alloc/logs/.nginx.stdout.fifo timestamp=2019-08-23T17:30:04.958Z
    2019-08-23T17:30:04.958Z [INFO ] client.alloc_runner.task_runner.task_hook.logmon.nomad: opening fifo: alloc_id=26806869-1c30-c231-4c28-86d3f5e9f1e4 task=nginx @module=logmon path=/Users/cgbaker/Desktop/issues/6112/data/alloc/26806869-1c30-c231-4c28-86d3f5e9f1e4/alloc/logs/.nginx.stderr.fifo timestamp=2019-08-23T17:30:04.958Z
    2019-08-23T17:30:05.042Z [INFO ] client.driver_mgr.docker: created container: driver=docker container_id=8a3abc0b843a7141245df293a2be04db94ab6ec10ce21b9091265f1e1e5d3ab1
    2019/08/23 17:30:05.312200 [INFO] (runner) rendered "(dynamic)" => "/Users/cgbaker/Desktop/issues/6112/data/alloc/26806869-1c30-c231-4c28-86d3f5e9f1e4/nginx/local/services.env"
    2019-08-23T17:30:06.009Z [INFO ] client.driver_mgr.docker: started container: driver=docker container_id=8a3abc0b843a7141245df293a2be04db94ab6ec10ce21b9091265f1e1e5d3ab1
