    2019-08-23T16:16:30.223Z [ERROR] client.alloc_runner.task_runner.task_hook.stats_hook: failed to start stats collection for task with unrecoverable error: alloc_id=ec1aa594-29f2-b532-4883-a12b441c610b task=postgres error="container stopped"
    2019-08-23T16:16:30.286Z [INFO ] client.alloc_runner.task_runner: restarting task: alloc_id=ec1aa594-29f2-b532-4883-a12b441c610b task=postgres reason="Restart within policy" delay=3.121579011s
    2019/08/23 16:16:30.292250 [INFO] (runner) rendered "(dynamic)" => "/Users/cgbaker/Desktop/issues/6112/data/alloc/26806869-1c30-c231-4c28-86d3f5e9f1e4/nginx/local/services.env"
    2019-08-23T16:16:31.147Z [ERROR] client.alloc_runner.task_runner.task_hook.stats_hook: failed to start stats collection for task with unrecoverable error: alloc_id=26806869-1c30-c231-4c28-86d3f5e9f1e4 task=nginx error="container stopped"
    2019-08-23T16:16:31.164Z [INFO ] client.alloc_runner.task_runner: restarting task: alloc_id=26806869-1c30-c231-4c28-86d3f5e9f1e4 task=nginx reason= delay=0s
    2019-08-23T16:16:31.165Z [INFO ] client.alloc_runner.task_runner.task_hook.logmon.nomad: opening fifo: alloc_id=26806869-1c30-c231-4c28-86d3f5e9f1e4 task=nginx @module=logmon path=/Users/cgbaker/Desktop/issues/6112/data/alloc/26806869-1c30-c231-4c28-86d3f5e9f1e4/alloc/logs/.nginx.stdout.fifo timestamp=2019-08-23T16:16:31.165Z
    2019-08-23T16:16:31.165Z [INFO ] client.alloc_runner.task_runner.task_hook.logmon.nomad: opening fifo: alloc_id=26806869-1c30-c231-4c28-86d3f5e9f1e4 task=nginx @module=logmon path=/Users/cgbaker/Desktop/issues/6112/data/alloc/26806869-1c30-c231-4c28-86d3f5e9f1e4/alloc/logs/.nginx.stderr.fifo timestamp=2019-08-23T16:16:31.165Z
    2019-08-23T16:16:31.284Z [INFO ] client.driver_mgr.docker: created container: driver=docker container_id=9b27e00b12b5429d215112a5de95d29824d14a3db93f29b4727766d1e41c1e9d
    2019-08-23T16:16:32.330Z [INFO ] client.driver_mgr.docker: started container: driver=docker container_id=9b27e00b12b5429d215112a5de95d29824d14a3db93f29b4727766d1e41c1e9d
    2019-08-23T16:16:33.413Z [INFO ] client.alloc_runner.task_runner.task_hook.logmon.nomad: opening fifo: alloc_id=ec1aa594-29f2-b532-4883-a12b441c610b task=postgres @module=logmon path=/Users/cgbaker/Desktop/issues/6112/data/alloc/ec1aa594-29f2-b532-4883-a12b441c610b/alloc/logs/.postgres.stdout.fifo timestamp=2019-08-23T16:16:33.412Z
    2019-08-23T16:16:33.413Z [INFO ] client.alloc_runner.task_runner.task_hook.logmon.nomad: opening fifo: alloc_id=ec1aa594-29f2-b532-4883-a12b441c610b task=postgres @module=logmon path=/Users/cgbaker/Desktop/issues/6112/data/alloc/ec1aa594-29f2-b532-4883-a12b441c610b/alloc/logs/.postgres.stderr.fifo timestamp=2019-08-23T16:16:33.413Z
    2019-08-23T16:16:45.837Z [INFO ] client.driver_mgr.docker: created container: driver=docker container_id=ef91dfcd24b7a2a21b26477120775d56fb0de45fad819be1ec4d13eef6683cab
    2019-08-23T16:16:46.482Z [INFO ] client.driver_mgr.docker: started container: driver=docker container_id=ef91dfcd24b7a2a21b26477120775d56fb0de45fad819be1ec4d13eef6683cab
    2019/08/23 16:16:46.511340 [INFO] (runner) rendered "(dynamic)" => "/Users/cgbaker/Desktop/issues/6112/data/alloc/26806869-1c30-c231-4c28-86d3f5e9f1e4/nginx/local/services.env"
    2019/08/23 16:16:46.512668 [INFO] (runner) rendered "(dynamic)" => "/Users/cgbaker/Desktop/issues/6112/data/alloc/26806869-1c30-c231-4c28-86d3f5e9f1e4/nginx/local/services.env"
    2019-08-23T16:16:47.370Z [ERROR] client.alloc_runner.task_runner.task_hook.stats_hook: failed to start stats collection for task with unrecoverable error: alloc_id=26806869-1c30-c231-4c28-86d3f5e9f1e4 task=nginx error="container stopped"
    2019-08-23T16:16:47.394Z [INFO ] client.alloc_runner.task_runner: restarting task: alloc_id=26806869-1c30-c231-4c28-86d3f5e9f1e4 task=nginx reason= delay=0s
    2019-08-23T16:16:47.396Z [INFO ] client.alloc_runner.task_runner.task_hook.logmon.nomad: opening fifo: alloc_id=26806869-1c30-c231-4c28-86d3f5e9f1e4 task=nginx @module=logmon path=/Users/cgbaker/Desktop/issues/6112/data/alloc/26806869-1c30-c231-4c28-86d3f5e9f1e4/alloc/logs/.nginx.stdout.fifo timestamp=2019-08-23T16:16:47.396Z
    2019-08-23T16:16:47.396Z [INFO ] client.alloc_runner.task_runner.task_hook.logmon.nomad: opening fifo: alloc_id=26806869-1c30-c231-4c28-86d3f5e9f1e4 task=nginx @module=logmon path=/Users/cgbaker/Desktop/issues/6112/data/alloc/26806869-1c30-c231-4c28-86d3f5e9f1e4/alloc/logs/.nginx.stderr.fifo timestamp=2019-08-23T16:16:47.396Z
    2019-08-23T16:16:47.574Z [INFO ] client.driver_mgr.docker: created container: driver=docker container_id=a5b1ca50845f5d9eb87541a75efbcc95d1d56a1f4d916cc78b3e59b7c119f03c
    2019/08/23 16:16:48.239353 [INFO] (runner) rendered "(dynamic)" => "/Users/cgbaker/Desktop/issues/6112/data/alloc/26806869-1c30-c231-4c28-86d3f5e9f1e4/nginx/local/services.env"
    2019-08-23T16:16:48.518Z [INFO ] client.driver_mgr.docker: started container: driver=docker container_id=a5b1ca50845f5d9eb87541a75efbcc95d1d56a1f4d916cc78b3e59b7c119f03c
