    2019-08-23T16:51:46.657Z [ERROR] client.alloc_runner.task_runner.task_hook.stats_hook: failed to start stats collection for task with unrecoverable error: alloc_id=ec1aa594-29f2-b532-4883-a12b441c610b task=postgres error="container stopped"
    2019-08-23T16:51:46.716Z [INFO ] client.alloc_runner.task_runner: restarting task: alloc_id=ec1aa594-29f2-b532-4883-a12b441c610b task=postgres reason="Restart within policy" delay=3.68095603s
    2019/08/23 16:51:46.723294 [INFO] (runner) rendered "(dynamic)" => "/Users/cgbaker/Desktop/issues/6112/data/alloc/26806869-1c30-c231-4c28-86d3f5e9f1e4/nginx/local/services.env"
    2019-08-23T16:51:47.614Z [ERROR] client.alloc_runner.task_runner.task_hook.stats_hook: failed to start stats collection for task with unrecoverable error: alloc_id=26806869-1c30-c231-4c28-86d3f5e9f1e4 task=nginx error="container stopped"
    2019-08-23T16:51:47.634Z [INFO ] client.alloc_runner.task_runner: restarting task: alloc_id=26806869-1c30-c231-4c28-86d3f5e9f1e4 task=nginx reason= delay=0s
    2019-08-23T16:51:47.636Z [INFO ] client.alloc_runner.task_runner.task_hook.logmon.nomad: opening fifo: alloc_id=26806869-1c30-c231-4c28-86d3f5e9f1e4 task=nginx path=/Users/cgbaker/Desktop/issues/6112/data/alloc/26806869-1c30-c231-4c28-86d3f5e9f1e4/alloc/logs/.nginx.stdout.fifo @module=logmon timestamp=2019-08-23T16:51:47.636Z
    2019-08-23T16:51:47.636Z [INFO ] client.alloc_runner.task_runner.task_hook.logmon.nomad: opening fifo: alloc_id=26806869-1c30-c231-4c28-86d3f5e9f1e4 task=nginx path=/Users/cgbaker/Desktop/issues/6112/data/alloc/26806869-1c30-c231-4c28-86d3f5e9f1e4/alloc/logs/.nginx.stderr.fifo @module=logmon timestamp=2019-08-23T16:51:47.636Z
    2019-08-23T16:51:47.730Z [INFO ] client.driver_mgr.docker: created container: driver=docker container_id=391aa59880e7b33511e92095b5600937799b03f3a29a11964d728b7b6bbc0c7e
    2019-08-23T16:51:48.815Z [INFO ] client.driver_mgr.docker: started container: driver=docker container_id=391aa59880e7b33511e92095b5600937799b03f3a29a11964d728b7b6bbc0c7e
    2019-08-23T16:51:50.403Z [INFO ] client.alloc_runner.task_runner.task_hook.logmon.nomad: opening fifo: alloc_id=ec1aa594-29f2-b532-4883-a12b441c610b task=postgres path=/Users/cgbaker/Desktop/issues/6112/data/alloc/ec1aa594-29f2-b532-4883-a12b441c610b/alloc/logs/.postgres.stdout.fifo @module=logmon timestamp=2019-08-23T16:51:50.403Z
    2019-08-23T16:51:50.404Z [INFO ] client.alloc_runner.task_runner.task_hook.logmon.nomad: opening fifo: alloc_id=ec1aa594-29f2-b532-4883-a12b441c610b task=postgres path=/Users/cgbaker/Desktop/issues/6112/data/alloc/ec1aa594-29f2-b532-4883-a12b441c610b/alloc/logs/.postgres.stderr.fifo @module=logmon timestamp=2019-08-23T16:51:50.403Z
    2019-08-23T16:52:04.707Z [INFO ] client.driver_mgr.docker: created container: driver=docker container_id=6bfd99127d01d7a3cd0159d3865ba5ae7f8d07a3983b8a056937f48037052c94
    2019-08-23T16:52:05.497Z [INFO ] client.driver_mgr.docker: started container: driver=docker container_id=6bfd99127d01d7a3cd0159d3865ba5ae7f8d07a3983b8a056937f48037052c94
    2019/08/23 16:52:05.533934 [INFO] (runner) rendered "(dynamic)" => "/Users/cgbaker/Desktop/issues/6112/data/alloc/26806869-1c30-c231-4c28-86d3f5e9f1e4/nginx/local/services.env"
    2019/08/23 16:52:05.535199 [INFO] (runner) rendered "(dynamic)" => "/Users/cgbaker/Desktop/issues/6112/data/alloc/26806869-1c30-c231-4c28-86d3f5e9f1e4/nginx/local/services.env"
    2019-08-23T16:52:06.455Z [ERROR] client.alloc_runner.task_runner.task_hook.stats_hook: failed to start stats collection for task with unrecoverable error: alloc_id=26806869-1c30-c231-4c28-86d3f5e9f1e4 task=nginx error="container stopped"
    2019-08-23T16:52:06.475Z [INFO ] client.alloc_runner.task_runner: restarting task: alloc_id=26806869-1c30-c231-4c28-86d3f5e9f1e4 task=nginx reason= delay=0s
    2019-08-23T16:52:06.478Z [INFO ] client.alloc_runner.task_runner.task_hook.logmon.nomad: opening fifo: alloc_id=26806869-1c30-c231-4c28-86d3f5e9f1e4 task=nginx @module=logmon path=/Users/cgbaker/Desktop/issues/6112/data/alloc/26806869-1c30-c231-4c28-86d3f5e9f1e4/alloc/logs/.nginx.stdout.fifo timestamp=2019-08-23T16:52:06.478Z
    2019-08-23T16:52:06.478Z [INFO ] client.alloc_runner.task_runner.task_hook.logmon.nomad: opening fifo: alloc_id=26806869-1c30-c231-4c28-86d3f5e9f1e4 task=nginx path=/Users/cgbaker/Desktop/issues/6112/data/alloc/26806869-1c30-c231-4c28-86d3f5e9f1e4/alloc/logs/.nginx.stderr.fifo @module=logmon timestamp=2019-08-23T16:52:06.478Z
    2019-08-23T16:52:06.586Z [INFO ] client.driver_mgr.docker: created container: driver=docker container_id=82a05b8076b3575149320fd15f1e95313565f65ceb6d6a351afb8dfe827458da
    2019/08/23 16:52:07.460362 [INFO] (runner) rendered "(dynamic)" => "/Users/cgbaker/Desktop/issues/6112/data/alloc/26806869-1c30-c231-4c28-86d3f5e9f1e4/nginx/local/services.env"
    2019-08-23T16:52:07.591Z [INFO ] client.driver_mgr.docker: started container: driver=docker container_id=82a05b8076b3575149320fd15f1e95313565f65ceb6d6a351afb8dfe827458da
